<?xml version="1.0" encoding="UTF-8"?>
<!-- Generated by org.testng.reporters.JUnitXMLReporter -->
<testsuite hostname="DESKTOP-KLLTQMA" ignored="0" name="IeTest" tests="2" failures="1" timestamp="29 Apr 2020 17:22:25 GMT" time="0.007" errors="0">
  <testcase name="tc05" time="0.001" classname="Test.Test2">
    <failure type="java.lang.AssertionError" message="expected [true] but found [false]">
      <![CDATA[java.lang.AssertionError: expected [true] but found [false]
	at Test.Test2.tc05(Test2.java:36)
... Removed 29 stack frames]]>
    </failure>
  </testcase> <!-- tc05 -->
  <testcase name="facebook" time="0.001" classname="Test.Test2"/>
</testsuite> <!-- IeTest -->
