<?xml version="1.0" encoding="UTF-8"?>
<!-- Generated by org.testng.reporters.JUnitXMLReporter -->
<testsuite hostname="DESKTOP-KLLTQMA" ignored="0" name="Test" tests="5" failures="2" timestamp="24 Apr 2020 08:27:40 GMT" time="0.08" errors="0">
  <testcase name="tc03" time="0.008" classname="Test.Test1">
    <failure type="java.lang.AssertionError" message="expected [false] but found [true]">
      <![CDATA[java.lang.AssertionError: expected [false] but found [true]
	at Test.Test1.tc03(Test1.java:27)
... Removed 29 stack frames]]>
    </failure>
  </testcase> <!-- tc03 -->
  <testcase name="tc04" time="0.001" classname="Test.Test2"/>
  <testcase name="tc05" time="0.001" classname="Test.Test2"/>
  <testcase name="tc01" time="0.002" classname="Test.Test1">
    <failure type="java.lang.AssertionError" message="expected [Dropped!] but found [Drop]">
      <![CDATA[java.lang.AssertionError: expected [Dropped!] but found [Drop]
	at Test.Test1.tc01(Test1.java:14)
... Removed 31 stack frames]]>
    </failure>
  </testcase> <!-- tc01 -->
  <testcase name="tc02" time="0.001" classname="Test.Test1"/>
</testsuite> <!-- Test -->
